producer_class	xtools.gsea.Gsea
producer_timestamp	1645654323366
param	collapse	false
param	cls	pheno.cls#CD4_versus_CD8
param	plot_top_x	20
param	norm	meandiv
param	save_rnd_lists	false
param	median	false
param	num	100
param	scoring_scheme	weighted
param	make_sets	true
param	mode	Max_probe
param	gmx	../Data/KEGG_metabolism.gmt
param	gui	false
param	metric	Diff_of_Classes
param	rpt_label	t_CD4_vs_CD8
param	help	false
param	order	descending
param	out	/mnt/beegfs/acasas/PROTOCOLO-R_CHINAMEN/7-MetabolicFeatures/datasets/head_neck/CD4_CD8_GSEA
param	create_svgs	false
param	permute	gene_set
param	rnd_type	no_balance
param	set_min	5
param	include_only_symbols	false
param	sort	real
param	create_gcts	false
param	rnd_seed	123456
param	nperm	1000
param	zip_report	false
param	set_max	10000
param	res	/mnt/beegfs/acasas/PROTOCOLO-R_CHINAMEN/7-MetabolicFeatures/expr.txt

file	datasets/head_neck/CD4_CD8_GSEA/t_CD4_vs_CD8.Gsea.1645654323366/index.html
