Loading required package: SingleCellExperiment
Loading required package: SummarizedExperiment
Loading required package: MatrixGenerics
Loading required package: matrixStats

Attaching package: ‘MatrixGenerics’

The following objects are masked from ‘package:matrixStats’:

    colAlls, colAnyNAs, colAnys, colAvgsPerRowSet, colCollapse,
    colCounts, colCummaxs, colCummins, colCumprods, colCumsums,
    colDiffs, colIQRDiffs, colIQRs, colLogSumExps, colMadDiffs,
    colMads, colMaxs, colMeans2, colMedians, colMins, colOrderStats,
    colProds, colQuantiles, colRanges, colRanks, colSdDiffs, colSds,
    colSums2, colTabulates, colVarDiffs, colVars, colWeightedMads,
    colWeightedMeans, colWeightedMedians, colWeightedSds,
    colWeightedVars, rowAlls, rowAnyNAs, rowAnys, rowAvgsPerColSet,
    rowCollapse, rowCounts, rowCummaxs, rowCummins, rowCumprods,
    rowCumsums, rowDiffs, rowIQRDiffs, rowIQRs, rowLogSumExps,
    rowMadDiffs, rowMads, rowMaxs, rowMeans2, rowMedians, rowMins,
    rowOrderStats, rowProds, rowQuantiles, rowRanges, rowRanks,
    rowSdDiffs, rowSds, rowSums2, rowTabulates, rowVarDiffs, rowVars,
    rowWeightedMads, rowWeightedMeans, rowWeightedMedians,
    rowWeightedSds, rowWeightedVars

Loading required package: GenomicRanges
Loading required package: stats4
Loading required package: BiocGenerics

Attaching package: ‘BiocGenerics’

The following objects are masked from ‘package:stats’:

    IQR, mad, sd, var, xtabs

The following objects are masked from ‘package:base’:

    anyDuplicated, append, as.data.frame, basename, cbind, colnames,
    dirname, do.call, duplicated, eval, evalq, Filter, Find, get, grep,
    grepl, intersect, is.unsorted, lapply, Map, mapply, match, mget,
    order, paste, pmax, pmax.int, pmin, pmin.int, Position, rank,
    rbind, Reduce, rownames, sapply, setdiff, sort, table, tapply,
    union, unique, unsplit, which.max, which.min

Loading required package: S4Vectors

Attaching package: ‘S4Vectors’

The following objects are masked from ‘package:base’:

    expand.grid, I, unname

Loading required package: IRanges
Loading required package: GenomeInfoDb
Loading required package: Biobase
Welcome to Bioconductor

    Vignettes contain introductory material; view with
    'browseVignettes()'. To cite Bioconductor, see
    'citation("Biobase")', and for packages 'citation("pkgname")'.


Attaching package: ‘Biobase’

The following object is masked from ‘package:MatrixGenerics’:

    rowMedians

The following objects are masked from ‘package:matrixStats’:

    anyMissing, rowMedians

Loading required package: scuttle
Loading required package: ggplot2
[1] 2068
[1] 2068
[1] 23684     1
[1] 1566    1
null device 
          1 
[1] 1624
[1] 1624
2801 [INFO ] Made Vdb dir JIT: /mnt/beegfs/acasas/Protocolo-R4-NO-TOCAR/7-MetabolicFeatures/mar02
3040 [INFO ] Begun importing: Dataset from: expr.txt
4407 [INFO ] Your current version of GSEA is 3.0. A newer version (4.2.3) is available.
To update, please download from http://gsea-msigdb.org/gsea/downloads.jsp
(build date: Tue, 1 Mar 2022 20:41:29 -0500)
4408 [INFO ] Note: GenePattern users should update through GenePattern.
# of elements = 1
pheno.cls#CD4_versus_CD8 
4498 [INFO ] Begun importing: Template from: pheno.cls
4577 [INFO ] No dataset collapsing was done .. using original as is
to parse>../Data/KEGG_metabolism.gmt< got: [../Data/KEGG_metabolism.gmt]
4579 [INFO ] Begun importing: GeneSetMatrix from: KEGG_metabolism.gmt
4594 [INFO ] Got gsets: 85 now preprocessing them ... min: 5 max: 10000
4604 [INFO ] Done preproc for smaller than: 5
4634 [INFO ] Already a synched dataset-template -- NO extracting done
shuffleGeneSet for GeneSet 1/80 nperm: 1000
GeneSetCohorted: 501 / 1000
GeneSetCohorted_scored: 501 / 1000
GeneSetCohorted: 501 / 1000
GeneSetCohorted_scored: 501 / 1000
GeneSetCohorted: 501 / 1000
GeneSetCohorted_scored: 501 / 1000
GeneSetCohorted: 501 / 1000
GeneSetCohorted_scored: 501 / 1000
GeneSetCohorted: 501 / 1000
GeneSetCohorted_scored: 501 / 1000
shuffleGeneSet for GeneSet 6/80 nperm: 1000
GeneSetCohorted: 501 / 1000
GeneSetCohorted_scored: 501 / 1000
GeneSetCohorted: 501 / 1000
GeneSetCohorted_scored: 501 / 1000
GeneSetCohorted: 501 / 1000
GeneSetCohorted_scored: 501 / 1000
GeneSetCohorted: 501 / 1000
GeneSetCohorted_scored: 501 / 1000
GeneSetCohorted: 501 / 1000
GeneSetCohorted_scored: 501 / 1000
shuffleGeneSet for GeneSet 11/80 nperm: 1000
GeneSetCohorted: 501 / 1000
GeneSetCohorted_scored: 501 / 1000
GeneSetCohorted: 501 / 1000
GeneSetCohorted_scored: 501 / 1000
GeneSetCohorted: 501 / 1000
GeneSetCohorted_scored: 501 / 1000
GeneSetCohorted: 501 / 1000
GeneSetCohorted_scored: 501 / 1000
GeneSetCohorted: 501 / 1000
GeneSetCohorted_scored: 501 / 1000
shuffleGeneSet for GeneSet 16/80 nperm: 1000
GeneSetCohorted: 501 / 1000
GeneSetCohorted_scored: 501 / 1000
GeneSetCohorted: 501 / 1000
GeneSetCohorted_scored: 501 / 1000
GeneSetCohorted: 501 / 1000
GeneSetCohorted_scored: 501 / 1000
GeneSetCohorted: 501 / 1000
GeneSetCohorted_scored: 501 / 1000
GeneSetCohorted: 501 / 1000
GeneSetCohorted_scored: 501 / 1000
shuffleGeneSet for GeneSet 21/80 nperm: 1000
GeneSetCohorted: 501 / 1000
GeneSetCohorted_scored: 501 / 1000
GeneSetCohorted: 501 / 1000
GeneSetCohorted_scored: 501 / 1000
GeneSetCohorted: 501 / 1000
GeneSetCohorted_scored: 501 / 1000
GeneSetCohorted: 501 / 1000
GeneSetCohorted_scored: 501 / 1000
GeneSetCohorted: 501 / 1000
GeneSetCohorted_scored: 501 / 1000
shuffleGeneSet for GeneSet 26/80 nperm: 1000
GeneSetCohorted: 501 / 1000
GeneSetCohorted_scored: 501 / 1000
GeneSetCohorted: 501 / 1000
GeneSetCohorted_scored: 501 / 1000
GeneSetCohorted: 501 / 1000
GeneSetCohorted_scored: 501 / 1000
GeneSetCohorted: 501 / 1000
GeneSetCohorted_scored: 501 / 1000
GeneSetCohorted: 501 / 1000
GeneSetCohorted_scored: 501 / 1000
shuffleGeneSet for GeneSet 31/80 nperm: 1000
GeneSetCohorted: 501 / 1000
GeneSetCohorted_scored: 501 / 1000
GeneSetCohorted: 501 / 1000
GeneSetCohorted_scored: 501 / 1000
GeneSetCohorted: 501 / 1000
GeneSetCohorted_scored: 501 / 1000
GeneSetCohorted: 501 / 1000
GeneSetCohorted_scored: 501 / 1000
GeneSetCohorted: 501 / 1000
GeneSetCohorted_scored: 501 / 1000
shuffleGeneSet for GeneSet 36/80 nperm: 1000
GeneSetCohorted: 501 / 1000
GeneSetCohorted_scored: 501 / 1000
GeneSetCohorted: 501 / 1000
GeneSetCohorted_scored: 501 / 1000
GeneSetCohorted: 501 / 1000
GeneSetCohorted_scored: 501 / 1000
GeneSetCohorted: 501 / 1000
GeneSetCohorted_scored: 501 / 1000
GeneSetCohorted: 501 / 1000
GeneSetCohorted_scored: 501 / 1000
shuffleGeneSet for GeneSet 41/80 nperm: 1000
GeneSetCohorted: 501 / 1000
GeneSetCohorted_scored: 501 / 1000
GeneSetCohorted: 501 / 1000
GeneSetCohorted_scored: 501 / 1000
GeneSetCohorted: 501 / 1000
GeneSetCohorted_scored: 501 / 1000
GeneSetCohorted: 501 / 1000
GeneSetCohorted_scored: 501 / 1000
GeneSetCohorted: 501 / 1000
GeneSetCohorted_scored: 501 / 1000
shuffleGeneSet for GeneSet 46/80 nperm: 1000
GeneSetCohorted: 501 / 1000
GeneSetCohorted_scored: 501 / 1000
GeneSetCohorted: 501 / 1000
GeneSetCohorted_scored: 501 / 1000
GeneSetCohorted: 501 / 1000
GeneSetCohorted_scored: 501 / 1000
GeneSetCohorted: 501 / 1000
GeneSetCohorted_scored: 501 / 1000
GeneSetCohorted: 501 / 1000
GeneSetCohorted_scored: 501 / 1000
shuffleGeneSet for GeneSet 51/80 nperm: 1000
GeneSetCohorted: 501 / 1000
GeneSetCohorted_scored: 501 / 1000
GeneSetCohorted: 501 / 1000
GeneSetCohorted_scored: 501 / 1000
GeneSetCohorted: 501 / 1000
GeneSetCohorted_scored: 501 / 1000
GeneSetCohorted: 501 / 1000
GeneSetCohorted_scored: 501 / 1000
GeneSetCohorted: 501 / 1000
GeneSetCohorted_scored: 501 / 1000
shuffleGeneSet for GeneSet 56/80 nperm: 1000
GeneSetCohorted: 501 / 1000
GeneSetCohorted_scored: 501 / 1000
GeneSetCohorted: 501 / 1000
GeneSetCohorted_scored: 501 / 1000
GeneSetCohorted: 501 / 1000
GeneSetCohorted_scored: 501 / 1000
GeneSetCohorted: 501 / 1000
GeneSetCohorted_scored: 501 / 1000
GeneSetCohorted: 501 / 1000
GeneSetCohorted_scored: 501 / 1000
shuffleGeneSet for GeneSet 61/80 nperm: 1000
GeneSetCohorted: 501 / 1000
GeneSetCohorted_scored: 501 / 1000
GeneSetCohorted: 501 / 1000
GeneSetCohorted_scored: 501 / 1000
GeneSetCohorted: 501 / 1000
GeneSetCohorted_scored: 501 / 1000
GeneSetCohorted: 501 / 1000
GeneSetCohorted_scored: 501 / 1000
GeneSetCohorted: 501 / 1000
GeneSetCohorted_scored: 501 / 1000
shuffleGeneSet for GeneSet 66/80 nperm: 1000
GeneSetCohorted: 501 / 1000
GeneSetCohorted_scored: 501 / 1000
GeneSetCohorted: 501 / 1000
GeneSetCohorted_scored: 501 / 1000
GeneSetCohorted: 501 / 1000
GeneSetCohorted_scored: 501 / 1000
GeneSetCohorted: 501 / 1000
GeneSetCohorted_scored: 501 / 1000
GeneSetCohorted: 501 / 1000
GeneSetCohorted_scored: 501 / 1000
shuffleGeneSet for GeneSet 71/80 nperm: 1000
GeneSetCohorted: 501 / 1000
GeneSetCohorted_scored: 501 / 1000
GeneSetCohorted: 501 / 1000
GeneSetCohorted_scored: 501 / 1000
GeneSetCohorted: 501 / 1000
GeneSetCohorted_scored: 501 / 1000
GeneSetCohorted: 501 / 1000
GeneSetCohorted_scored: 501 / 1000
GeneSetCohorted: 501 / 1000
GeneSetCohorted_scored: 501 / 1000
shuffleGeneSet for GeneSet 76/80 nperm: 1000
GeneSetCohorted: 501 / 1000
GeneSetCohorted_scored: 501 / 1000
GeneSetCohorted: 501 / 1000
GeneSetCohorted_scored: 501 / 1000
GeneSetCohorted: 501 / 1000
GeneSetCohorted_scored: 501 / 1000
GeneSetCohorted: 501 / 1000
GeneSetCohorted_scored: 501 / 1000
GeneSetCohorted: 501 / 1000
GeneSetCohorted_scored: 501 / 1000
Finished permutations ... creating reports
7428 [INFO ] Already a synched dataset-template -- NO extracting done
Creating marker selection reports ...
Creating FDR reports ...
2577 [INFO ] File found in local file cache; will process /mnt/beegfs/acasas/gsea_home/file_cache/chip/GENE_SYMBOL.chip in place of ftp://gseaftp.broadinstitute.org/pub/gsea/annotations/GENE_SYMBOL.chip.  Ignore any following message(s) about this URL.
2578 [INFO ] Begun importing: Chip from: ftp://gseaftp.broadinstitute.org/pub/gsea/annotations/GENE_SYMBOL.chip
2720 [INFO ] Parsed from unigene / gene symbol: 38870
17539 [ERROR] Error making details: GLYCOSAMINOGLYCAN BIOSYNTHESIS - HEPARAN SULFATE / HEPARIN	at edu.mit.broad.genome.reports.ChartHelper.createReport(EnrichmentReports.java:658)
java.io.FileNotFoundException: datasets/melanoma/CD4_CD8_GSEA/t_CD4_vs_CD8.Gsea.1646231914413/GLYCOSAMINOGLYCAN BIOSYNTHESIS - HEPARAN SULFATE / HEPARIN.html (No such file or directory)
	at java.io.FileOutputStream.open0(Native Method)
	at java.io.FileOutputStream.open(FileOutputStream.java:270)
	at java.io.FileOutputStream.<init>(FileOutputStream.java:213)
	at java.io.FileOutputStream.<init>(FileOutputStream.java:162)
	at edu.mit.broad.genome.reports.EnrichmentReports.createReport(EnrichmentReports.java:649)
	at edu.mit.broad.genome.reports.EnrichmentReports.createGseaLikeReport(EnrichmentReports.java:351)
	at edu.mit.broad.genome.reports.EnrichmentReports.createGseaLikeReport(EnrichmentReports.java:175)
	at xtools.gsea.AbstractGsea2Tool.execute_one_with_reporting(AbstractGsea2Tool.java:171)
	at xtools.gsea.Gsea.execute(Gsea.java:116)
	at xtools.api.AbstractTool.tool_main(AbstractTool.java:406)
	at xtools.gsea.Gsea.main(Gsea.java:140)
Done FDR reports for positive phenotype
68329 [ERROR] Error making details: GLYCOLYSIS / GLUCONEOGENESIS	at edu.mit.broad.genome.reports.ChartHelper.createReport(EnrichmentReports.java:658)
java.io.FileNotFoundException: datasets/melanoma/CD4_CD8_GSEA/t_CD4_vs_CD8.Gsea.1646231914413/GLYCOLYSIS / GLUCONEOGENESIS.html (No such file or directory)
	at java.io.FileOutputStream.open0(Native Method)
	at java.io.FileOutputStream.open(FileOutputStream.java:270)
	at java.io.FileOutputStream.<init>(FileOutputStream.java:213)
	at java.io.FileOutputStream.<init>(FileOutputStream.java:162)
	at edu.mit.broad.genome.reports.EnrichmentReports.createReport(EnrichmentReports.java:649)
	at edu.mit.broad.genome.reports.EnrichmentReports.createGseaLikeReport(EnrichmentReports.java:360)
	at edu.mit.broad.genome.reports.EnrichmentReports.createGseaLikeReport(EnrichmentReports.java:175)
	at xtools.gsea.AbstractGsea2Tool.execute_one_with_reporting(AbstractGsea2Tool.java:171)
	at xtools.gsea.Gsea.execute(Gsea.java:116)
	at xtools.api.AbstractTool.tool_main(AbstractTool.java:406)
	at xtools.gsea.Gsea.main(Gsea.java:140)
Done FDR reports for negative phenotype
Creating global reports ...
Done all reports!!
Time taken: 85 secs
null device 
          1 
1690 [INFO ] Begun importing: Dataset from: expr.txt
2511 [INFO ] Your current version of GSEA is 3.0. A newer version (4.2.3) is available.
To update, please download from http://gsea-msigdb.org/gsea/downloads.jsp
(build date: Tue, 1 Mar 2022 20:41:29 -0500)
2511 [INFO ] Note: GenePattern users should update through GenePattern.
# of elements = 1
pheno.cls#Tregs_versus_Th 
2589 [INFO ] Begun importing: Template from: pheno.cls
2623 [INFO ] No dataset collapsing was done .. using original as is
to parse>../Data/KEGG_metabolism.gmt< got: [../Data/KEGG_metabolism.gmt]
2625 [INFO ] Begun importing: GeneSetMatrix from: KEGG_metabolism.gmt
2637 [INFO ] Got gsets: 85 now preprocessing them ... min: 5 max: 10000
2645 [INFO ] Done preproc for smaller than: 5
2677 [INFO ] Already a synched dataset-template -- NO extracting done
shuffleGeneSet for GeneSet 1/80 nperm: 1000
GeneSetCohorted: 501 / 1000
GeneSetCohorted_scored: 501 / 1000
GeneSetCohorted: 501 / 1000
GeneSetCohorted_scored: 501 / 1000
GeneSetCohorted: 501 / 1000
GeneSetCohorted_scored: 501 / 1000
GeneSetCohorted: 501 / 1000
GeneSetCohorted_scored: 501 / 1000
GeneSetCohorted: 501 / 1000
GeneSetCohorted_scored: 501 / 1000
shuffleGeneSet for GeneSet 6/80 nperm: 1000
GeneSetCohorted: 501 / 1000
GeneSetCohorted_scored: 501 / 1000
GeneSetCohorted: 501 / 1000
GeneSetCohorted_scored: 501 / 1000
GeneSetCohorted: 501 / 1000
GeneSetCohorted_scored: 501 / 1000
GeneSetCohorted: 501 / 1000
GeneSetCohorted_scored: 501 / 1000
GeneSetCohorted: 501 / 1000
GeneSetCohorted_scored: 501 / 1000
shuffleGeneSet for GeneSet 11/80 nperm: 1000
GeneSetCohorted: 501 / 1000
GeneSetCohorted_scored: 501 / 1000
GeneSetCohorted: 501 / 1000
GeneSetCohorted_scored: 501 / 1000
GeneSetCohorted: 501 / 1000
GeneSetCohorted_scored: 501 / 1000
GeneSetCohorted: 501 / 1000
GeneSetCohorted_scored: 501 / 1000
GeneSetCohorted: 501 / 1000
GeneSetCohorted_scored: 501 / 1000
shuffleGeneSet for GeneSet 16/80 nperm: 1000
GeneSetCohorted: 501 / 1000
GeneSetCohorted_scored: 501 / 1000
GeneSetCohorted: 501 / 1000
GeneSetCohorted_scored: 501 / 1000
GeneSetCohorted: 501 / 1000
GeneSetCohorted_scored: 501 / 1000
GeneSetCohorted: 501 / 1000
GeneSetCohorted_scored: 501 / 1000
GeneSetCohorted: 501 / 1000
GeneSetCohorted_scored: 501 / 1000
shuffleGeneSet for GeneSet 21/80 nperm: 1000
GeneSetCohorted: 501 / 1000
GeneSetCohorted_scored: 501 / 1000
GeneSetCohorted: 501 / 1000
GeneSetCohorted_scored: 501 / 1000
GeneSetCohorted: 501 / 1000
GeneSetCohorted_scored: 501 / 1000
GeneSetCohorted: 501 / 1000
GeneSetCohorted_scored: 501 / 1000
GeneSetCohorted: 501 / 1000
GeneSetCohorted_scored: 501 / 1000
shuffleGeneSet for GeneSet 26/80 nperm: 1000
GeneSetCohorted: 501 / 1000
GeneSetCohorted_scored: 501 / 1000
GeneSetCohorted: 501 / 1000
GeneSetCohorted_scored: 501 / 1000
GeneSetCohorted: 501 / 1000
GeneSetCohorted_scored: 501 / 1000
GeneSetCohorted: 501 / 1000
GeneSetCohorted_scored: 501 / 1000
GeneSetCohorted: 501 / 1000
GeneSetCohorted_scored: 501 / 1000
shuffleGeneSet for GeneSet 31/80 nperm: 1000
GeneSetCohorted: 501 / 1000
GeneSetCohorted_scored: 501 / 1000
GeneSetCohorted: 501 / 1000
GeneSetCohorted_scored: 501 / 1000
GeneSetCohorted: 501 / 1000
GeneSetCohorted_scored: 501 / 1000
GeneSetCohorted: 501 / 1000
GeneSetCohorted_scored: 501 / 1000
GeneSetCohorted: 501 / 1000
GeneSetCohorted_scored: 501 / 1000
shuffleGeneSet for GeneSet 36/80 nperm: 1000
GeneSetCohorted: 501 / 1000
GeneSetCohorted_scored: 501 / 1000
GeneSetCohorted: 501 / 1000
GeneSetCohorted_scored: 501 / 1000
GeneSetCohorted: 501 / 1000
GeneSetCohorted_scored: 501 / 1000
GeneSetCohorted: 501 / 1000
GeneSetCohorted_scored: 501 / 1000
GeneSetCohorted: 501 / 1000
GeneSetCohorted_scored: 501 / 1000
shuffleGeneSet for GeneSet 41/80 nperm: 1000
GeneSetCohorted: 501 / 1000
GeneSetCohorted_scored: 501 / 1000
GeneSetCohorted: 501 / 1000
GeneSetCohorted_scored: 501 / 1000
GeneSetCohorted: 501 / 1000
GeneSetCohorted_scored: 501 / 1000
GeneSetCohorted: 501 / 1000
GeneSetCohorted_scored: 501 / 1000
GeneSetCohorted: 501 / 1000
GeneSetCohorted_scored: 501 / 1000
shuffleGeneSet for GeneSet 46/80 nperm: 1000
GeneSetCohorted: 501 / 1000
GeneSetCohorted_scored: 501 / 1000
GeneSetCohorted: 501 / 1000
GeneSetCohorted_scored: 501 / 1000
GeneSetCohorted: 501 / 1000
GeneSetCohorted_scored: 501 / 1000
GeneSetCohorted: 501 / 1000
GeneSetCohorted_scored: 501 / 1000
GeneSetCohorted: 501 / 1000
GeneSetCohorted_scored: 501 / 1000
shuffleGeneSet for GeneSet 51/80 nperm: 1000
GeneSetCohorted: 501 / 1000
GeneSetCohorted_scored: 501 / 1000
GeneSetCohorted: 501 / 1000
GeneSetCohorted_scored: 501 / 1000
GeneSetCohorted: 501 / 1000
GeneSetCohorted_scored: 501 / 1000
GeneSetCohorted: 501 / 1000
GeneSetCohorted_scored: 501 / 1000
GeneSetCohorted: 501 / 1000
GeneSetCohorted_scored: 501 / 1000
shuffleGeneSet for GeneSet 56/80 nperm: 1000
GeneSetCohorted: 501 / 1000
GeneSetCohorted_scored: 501 / 1000
GeneSetCohorted: 501 / 1000
GeneSetCohorted_scored: 501 / 1000
GeneSetCohorted: 501 / 1000
GeneSetCohorted_scored: 501 / 1000
GeneSetCohorted: 501 / 1000
GeneSetCohorted_scored: 501 / 1000
GeneSetCohorted: 501 / 1000
GeneSetCohorted_scored: 501 / 1000
shuffleGeneSet for GeneSet 61/80 nperm: 1000
GeneSetCohorted: 501 / 1000
GeneSetCohorted_scored: 501 / 1000
GeneSetCohorted: 501 / 1000
GeneSetCohorted_scored: 501 / 1000
GeneSetCohorted: 501 / 1000
GeneSetCohorted_scored: 501 / 1000
GeneSetCohorted: 501 / 1000
GeneSetCohorted_scored: 501 / 1000
GeneSetCohorted: 501 / 1000
GeneSetCohorted_scored: 501 / 1000
shuffleGeneSet for GeneSet 66/80 nperm: 1000
GeneSetCohorted: 501 / 1000
GeneSetCohorted_scored: 501 / 1000
GeneSetCohorted: 501 / 1000
GeneSetCohorted_scored: 501 / 1000
GeneSetCohorted: 501 / 1000
GeneSetCohorted_scored: 501 / 1000
GeneSetCohorted: 501 / 1000
GeneSetCohorted_scored: 501 / 1000
GeneSetCohorted: 501 / 1000
GeneSetCohorted_scored: 501 / 1000
shuffleGeneSet for GeneSet 71/80 nperm: 1000
GeneSetCohorted: 501 / 1000
GeneSetCohorted_scored: 501 / 1000
GeneSetCohorted: 501 / 1000
GeneSetCohorted_scored: 501 / 1000
GeneSetCohorted: 501 / 1000
GeneSetCohorted_scored: 501 / 1000
GeneSetCohorted: 501 / 1000
GeneSetCohorted_scored: 501 / 1000
GeneSetCohorted: 501 / 1000
GeneSetCohorted_scored: 501 / 1000
shuffleGeneSet for GeneSet 76/80 nperm: 1000
GeneSetCohorted: 501 / 1000
GeneSetCohorted_scored: 501 / 1000
GeneSetCohorted: 501 / 1000
GeneSetCohorted_scored: 501 / 1000
GeneSetCohorted: 501 / 1000
GeneSetCohorted_scored: 501 / 1000
GeneSetCohorted: 501 / 1000
GeneSetCohorted_scored: 501 / 1000
GeneSetCohorted: 501 / 1000
GeneSetCohorted_scored: 501 / 1000
Finished permutations ... creating reports
5245 [INFO ] Already a synched dataset-template -- NO extracting done
Creating marker selection reports ...
Creating FDR reports ...
6811 [INFO ] File found in local file cache; will process /mnt/beegfs/acasas/gsea_home/file_cache/chip/GENE_SYMBOL.chip in place of ftp://gseaftp.broadinstitute.org/pub/gsea/annotations/GENE_SYMBOL.chip.  Ignore any following message(s) about this URL.
6813 [INFO ] Begun importing: Chip from: ftp://gseaftp.broadinstitute.org/pub/gsea/annotations/GENE_SYMBOL.chip
6916 [INFO ] Parsed from unigene / gene symbol: 38870
7248 [ERROR] Error making details: GLYCOLYSIS / GLUCONEOGENESIS	at edu.mit.broad.genome.reports.ChartHelper.createReport(EnrichmentReports.java:658)
java.io.FileNotFoundException: datasets/melanoma/CD4_CD8_GSEA/t_Tregs_vs_Th.Gsea.1646232002517/GLYCOLYSIS / GLUCONEOGENESIS.html (No such file or directory)
	at java.io.FileOutputStream.open0(Native Method)
	at java.io.FileOutputStream.open(FileOutputStream.java:270)
	at java.io.FileOutputStream.<init>(FileOutputStream.java:213)
	at java.io.FileOutputStream.<init>(FileOutputStream.java:162)
	at edu.mit.broad.genome.reports.EnrichmentReports.createReport(EnrichmentReports.java:649)
	at edu.mit.broad.genome.reports.EnrichmentReports.createGseaLikeReport(EnrichmentReports.java:351)
	at edu.mit.broad.genome.reports.EnrichmentReports.createGseaLikeReport(EnrichmentReports.java:175)
	at xtools.gsea.AbstractGsea2Tool.execute_one_with_reporting(AbstractGsea2Tool.java:171)
	at xtools.gsea.Gsea.execute(Gsea.java:116)
	at xtools.api.AbstractTool.tool_main(AbstractTool.java:406)
	at xtools.gsea.Gsea.main(Gsea.java:140)
Done FDR reports for positive phenotype
Done FDR reports for negative phenotype
Creating global reports ...
Done all reports!!
Time taken: 22 secs
[1] ""
[1] "GRACIAS POR ASISTIR A MI CHARLA TED"
Loading required package: SingleCellExperiment
Loading required package: SummarizedExperiment
Loading required package: MatrixGenerics
Loading required package: matrixStats

Attaching package: ‘MatrixGenerics’

The following objects are masked from ‘package:matrixStats’:

    colAlls, colAnyNAs, colAnys, colAvgsPerRowSet, colCollapse,
    colCounts, colCummaxs, colCummins, colCumprods, colCumsums,
    colDiffs, colIQRDiffs, colIQRs, colLogSumExps, colMadDiffs,
    colMads, colMaxs, colMeans2, colMedians, colMins, colOrderStats,
    colProds, colQuantiles, colRanges, colRanks, colSdDiffs, colSds,
    colSums2, colTabulates, colVarDiffs, colVars, colWeightedMads,
    colWeightedMeans, colWeightedMedians, colWeightedSds,
    colWeightedVars, rowAlls, rowAnyNAs, rowAnys, rowAvgsPerColSet,
    rowCollapse, rowCounts, rowCummaxs, rowCummins, rowCumprods,
    rowCumsums, rowDiffs, rowIQRDiffs, rowIQRs, rowLogSumExps,
    rowMadDiffs, rowMads, rowMaxs, rowMeans2, rowMedians, rowMins,
    rowOrderStats, rowProds, rowQuantiles, rowRanges, rowRanks,
    rowSdDiffs, rowSds, rowSums2, rowTabulates, rowVarDiffs, rowVars,
    rowWeightedMads, rowWeightedMeans, rowWeightedMedians,
    rowWeightedSds, rowWeightedVars

Loading required package: GenomicRanges
Loading required package: stats4
Loading required package: BiocGenerics

Attaching package: ‘BiocGenerics’

The following objects are masked from ‘package:stats’:

    IQR, mad, sd, var, xtabs

The following objects are masked from ‘package:base’:

    anyDuplicated, append, as.data.frame, basename, cbind, colnames,
    dirname, do.call, duplicated, eval, evalq, Filter, Find, get, grep,
    grepl, intersect, is.unsorted, lapply, Map, mapply, match, mget,
    order, paste, pmax, pmax.int, pmin, pmin.int, Position, rank,
    rbind, Reduce, rownames, sapply, setdiff, sort, table, tapply,
    union, unique, unsplit, which.max, which.min

Loading required package: S4Vectors

Attaching package: ‘S4Vectors’

The following objects are masked from ‘package:base’:

    expand.grid, I, unname

Loading required package: IRanges
Loading required package: GenomeInfoDb
Loading required package: Biobase
Welcome to Bioconductor

    Vignettes contain introductory material; view with
    'browseVignettes()'. To cite Bioconductor, see
    'citation("Biobase")', and for packages 'citation("pkgname")'.


Attaching package: ‘Biobase’

The following object is masked from ‘package:MatrixGenerics’:

    rowMedians

The following objects are masked from ‘package:matrixStats’:

    anyMissing, rowMedians

Loading required package: scuttle
Loading required package: ggplot2
[1] 1237
[1] 1237
[1] 23686     1
[1] 1566    1
null device 
          1 
[1] 0
[1] 0
9380 [INFO ] Made Vdb dir JIT: /mnt/beegfs/acasas/Protocolo-R4-NO-TOCAR/7-MetabolicFeatures/mar02
9513 [INFO ] Begun importing: Dataset from: expr.txt
java.lang.IndexOutOfBoundsException: Index: 0, Size: 0
	at java.util.ArrayList.rangeCheck(ArrayList.java:657)
	at java.util.ArrayList.get(ArrayList.java:433)
	at edu.mit.broad.genome.parsers.TxtDatasetParser.parse(TxtDatasetParser.java:102)
	at edu.mit.broad.genome.parsers.TxtDatasetParser.parse(TxtDatasetParser.java:87)
	at edu.mit.broad.genome.parsers.ParserFactory.readDatasetTXT(ParserFactory.java:202)
	at edu.mit.broad.genome.parsers.ParserFactory.read(ParserFactory.java:749)
	at edu.mit.broad.genome.parsers.ParserFactory.read(ParserFactory.java:800)
	at edu.mit.broad.genome.parsers.ParserFactory.read(ParserFactory.java:788)
	at xtools.api.param.PobParam.getPob(PobParam.java:79)
	at xtools.api.param.DatasetReqdParam.getDataset(DatasetReqdParam.java:29)
	at xtools.gsea.Gsea.createHeader(Gsea.java:146)
	at xtools.gsea.Gsea.execute(Gsea.java:66)
	at xtools.api.AbstractTool.tool_main(AbstractTool.java:406)
	at xtools.gsea.Gsea.main(Gsea.java:140)
9932 [INFO ] Your current version of GSEA is 3.0. A newer version (4.2.3) is available.
To update, please download from http://gsea-msigdb.org/gsea/downloads.jsp
(build date: Tue, 1 Mar 2022 20:41:29 -0500)
9933 [INFO ] Note: GenePattern users should update through GenePattern.
# of elements = 1
pheno.cls#CD4_versus_CD8 
0030 [INFO ] Begun importing: Template from: pheno.cls
java.lang.IllegalArgumentException: Mismatched numbers between unique item id's: 1 [NA] and number of Template.Class's: 2
CD4 CD8 
	at edu.mit.broad.genome.objects.TemplateImpl.runChecksInit(TemplateImpl.java:327)
	at edu.mit.broad.genome.objects.TemplateImpl.assignItems2ClassInOrder(TemplateImpl.java:373)
	at edu.mit.broad.genome.objects.TemplateFactory.createTemplate_ordered_assign(TemplateFactory.java:228)
	at edu.mit.broad.genome.objects.TemplateFactory.createTemplate(TemplateFactory.java:122)
	at edu.mit.broad.genome.parsers.ClsParser._parse_genecluster_style_categorical(ClsParser.java:250)
	at edu.mit.broad.genome.parsers.ClsParser.parse(ClsParser.java:226)
	at edu.mit.broad.genome.parsers.AbstractParser.parse(AbstractParser.java:65)
	at edu.mit.broad.genome.parsers.ParserFactory._readTemplates(ParserFactory.java:338)
	at edu.mit.broad.genome.parsers.ParserFactory.readTemplate(ParserFactory.java:293)
	at edu.mit.broad.genome.parsers.ParserFactory.readTemplate(ParserFactory.java:263)
	at xtools.api.param.TemplateSingleChooserParam._getSourceTemplate(TemplateSingleChooserParam.java:164)
	at xtools.api.param.TemplateSingleChooserParam._getTemplates(TemplateSingleChooserParam.java:124)
	at xtools.api.param.TemplateSingleChooserParam.getTemplate(TemplateSingleChooserParam.java:52)
	at xtools.gsea.Gsea.execute(Gsea.java:69)
	at xtools.api.AbstractTool.tool_main(AbstractTool.java:406)
	at xtools.gsea.Gsea.main(Gsea.java:140)
0114 [INFO ] Renaming rpt dir on error to: datasets/head_neck/CD4_CD8_GSEA/error_t_CD4_vs_CD8.Gsea.1646232049939
Error in seq.default(min(x, na.rm = T), max(x, na.rm = T), length.out = n +  : 
  'from' must be a finite number
Calls: pheatmap -> generate_breaks -> seq -> seq.default
In addition: Warning messages:
1: In min(x, na.rm = T) : no non-missing arguments to min; returning Inf
2: In max(x, na.rm = T) : no non-missing arguments to max; returning -Inf
Execution halted
