producer_class	xtools.gsea.Gsea
producer_timestamp	1643372766187
param	zip_report	false
param	num	100
param	scoring_scheme	weighted
param	norm	meandiv
param	out	/home/acm/Desktop/trabajo_UGR/Proyectos Activos/Proyecto-scRNA-Ovarios/Protocolo-actualizado-R4/7-MetabolicFeatures/datasets/melanoma/CD4_CD8_GSEA
param	mode	Max_probe
param	include_only_symbols	false
param	set_max	10000
param	gmx	../Data/KEGG_metabolism.gmt
param	plot_top_x	20
param	nperm	1000
param	order	descending
param	rpt_label	t_CD4_vs_CD8
param	rnd_seed	123456
param	set_min	5
param	res	/home/acm/Desktop/trabajo_UGR/Proyectos Activos/Proyecto-scRNA-Ovarios/Protocolo-actualizado-R4/7-MetabolicFeatures/expr.txt
param	create_svgs	false
param	cls	pheno.cls#CD4_versus_CD8
param	sort	real
param	create_gcts	false
param	help	false
param	save_rnd_lists	false
param	median	false
param	metric	Diff_of_Classes
param	make_sets	true
param	rnd_type	no_balance
param	gui	false
param	permute	gene_set
param	collapse	false

file	datasets/melanoma/CD4_CD8_GSEA/t_CD4_vs_CD8.Gsea.1643372766187/index.html
