Loading required package: SingleCellExperiment
Loading required package: SummarizedExperiment
Loading required package: MatrixGenerics
Loading required package: matrixStats

Attaching package: ‘MatrixGenerics’

The following objects are masked from ‘package:matrixStats’:

    colAlls, colAnyNAs, colAnys, colAvgsPerRowSet, colCollapse,
    colCounts, colCummaxs, colCummins, colCumprods, colCumsums,
    colDiffs, colIQRDiffs, colIQRs, colLogSumExps, colMadDiffs,
    colMads, colMaxs, colMeans2, colMedians, colMins, colOrderStats,
    colProds, colQuantiles, colRanges, colRanks, colSdDiffs, colSds,
    colSums2, colTabulates, colVarDiffs, colVars, colWeightedMads,
    colWeightedMeans, colWeightedMedians, colWeightedSds,
    colWeightedVars, rowAlls, rowAnyNAs, rowAnys, rowAvgsPerColSet,
    rowCollapse, rowCounts, rowCummaxs, rowCummins, rowCumprods,
    rowCumsums, rowDiffs, rowIQRDiffs, rowIQRs, rowLogSumExps,
    rowMadDiffs, rowMads, rowMaxs, rowMeans2, rowMedians, rowMins,
    rowOrderStats, rowProds, rowQuantiles, rowRanges, rowRanks,
    rowSdDiffs, rowSds, rowSums2, rowTabulates, rowVarDiffs, rowVars,
    rowWeightedMads, rowWeightedMeans, rowWeightedMedians,
    rowWeightedSds, rowWeightedVars

Loading required package: GenomicRanges
Loading required package: stats4
Loading required package: BiocGenerics

Attaching package: ‘BiocGenerics’

The following objects are masked from ‘package:stats’:

    IQR, mad, sd, var, xtabs

The following objects are masked from ‘package:base’:

    anyDuplicated, append, as.data.frame, basename, cbind, colnames,
    dirname, do.call, duplicated, eval, evalq, Filter, Find, get, grep,
    grepl, intersect, is.unsorted, lapply, Map, mapply, match, mget,
    order, paste, pmax, pmax.int, pmin, pmin.int, Position, rank,
    rbind, Reduce, rownames, sapply, setdiff, sort, table, tapply,
    union, unique, unsplit, which.max, which.min

Loading required package: S4Vectors

Attaching package: ‘S4Vectors’

The following objects are masked from ‘package:base’:

    expand.grid, I, unname

Loading required package: IRanges
Loading required package: GenomeInfoDb
Loading required package: Biobase
Welcome to Bioconductor

    Vignettes contain introductory material; view with
    'browseVignettes()'. To cite Bioconductor, see
    'citation("Biobase")', and for packages 'citation("pkgname")'.


Attaching package: ‘Biobase’

The following object is masked from ‘package:MatrixGenerics’:

    rowMedians

The following objects are masked from ‘package:matrixStats’:

    anyMissing, rowMedians

Loading required package: scuttle
Loading required package: ggplot2
La ruta metabólica "Valine, leucine and isoleucine biosynthesis" presenta menos de 5 genes en la matriz de TPMs normalizada. Omitiendo dicha ruta...
La ruta metabólica "D-Glutamine and D-glutamate metabolism" presenta menos de 5 genes en la matriz de TPMs normalizada. Omitiendo dicha ruta...
La ruta metabólica "D-Arginine and D-ornithine metabolism" presenta menos de 5 genes en la matriz de TPMs normalizada. Omitiendo dicha ruta...
La ruta metabólica "Vitamin B6 metabolism" contiene menos de 3 genes con expresión detectada en todos los tipos celulares. Omitiendo dicha ruta...
La ruta metabólica "Biotin metabolism" presenta menos de 5 genes en la matriz de TPMs normalizada. Omitiendo dicha ruta...
La ruta metabólica "Lipoic acid metabolism" presenta menos de 5 genes en la matriz de TPMs normalizada. Omitiendo dicha ruta...
La ruta metabólica "Neomycin, kanamycin and gentamicin biosynthesis" contiene menos de 3 genes con expresión detectada en todos los tipos celulares. Omitiendo dicha ruta...
null device 
          1 
No id variables; using all as measure variables
[1] ""
[1] "GRACIAS POR ASISTIR A MI CHARLA TED"
Loading required package: SingleCellExperiment
Loading required package: SummarizedExperiment
Loading required package: MatrixGenerics
Loading required package: matrixStats

Attaching package: ‘MatrixGenerics’

The following objects are masked from ‘package:matrixStats’:

    colAlls, colAnyNAs, colAnys, colAvgsPerRowSet, colCollapse,
    colCounts, colCummaxs, colCummins, colCumprods, colCumsums,
    colDiffs, colIQRDiffs, colIQRs, colLogSumExps, colMadDiffs,
    colMads, colMaxs, colMeans2, colMedians, colMins, colOrderStats,
    colProds, colQuantiles, colRanges, colRanks, colSdDiffs, colSds,
    colSums2, colTabulates, colVarDiffs, colVars, colWeightedMads,
    colWeightedMeans, colWeightedMedians, colWeightedSds,
    colWeightedVars, rowAlls, rowAnyNAs, rowAnys, rowAvgsPerColSet,
    rowCollapse, rowCounts, rowCummaxs, rowCummins, rowCumprods,
    rowCumsums, rowDiffs, rowIQRDiffs, rowIQRs, rowLogSumExps,
    rowMadDiffs, rowMads, rowMaxs, rowMeans2, rowMedians, rowMins,
    rowOrderStats, rowProds, rowQuantiles, rowRanges, rowRanks,
    rowSdDiffs, rowSds, rowSums2, rowTabulates, rowVarDiffs, rowVars,
    rowWeightedMads, rowWeightedMeans, rowWeightedMedians,
    rowWeightedSds, rowWeightedVars

Loading required package: GenomicRanges
Loading required package: stats4
Loading required package: BiocGenerics

Attaching package: ‘BiocGenerics’

The following objects are masked from ‘package:stats’:

    IQR, mad, sd, var, xtabs

The following objects are masked from ‘package:base’:

    anyDuplicated, append, as.data.frame, basename, cbind, colnames,
    dirname, do.call, duplicated, eval, evalq, Filter, Find, get, grep,
    grepl, intersect, is.unsorted, lapply, Map, mapply, match, mget,
    order, paste, pmax, pmax.int, pmin, pmin.int, Position, rank,
    rbind, Reduce, rownames, sapply, setdiff, sort, table, tapply,
    union, unique, unsplit, which.max, which.min

Loading required package: S4Vectors

Attaching package: ‘S4Vectors’

The following objects are masked from ‘package:base’:

    expand.grid, I, unname

Loading required package: IRanges
Loading required package: GenomeInfoDb
Loading required package: Biobase
Welcome to Bioconductor

    Vignettes contain introductory material; view with
    'browseVignettes()'. To cite Bioconductor, see
    'citation("Biobase")', and for packages 'citation("pkgname")'.


Attaching package: ‘Biobase’

The following object is masked from ‘package:MatrixGenerics’:

    rowMedians

The following objects are masked from ‘package:matrixStats’:

    anyMissing, rowMedians

Loading required package: scuttle
Loading required package: ggplot2
La ruta metabólica "Valine, leucine and isoleucine biosynthesis" presenta menos de 5 genes en la matriz de TPMs normalizada. Omitiendo dicha ruta...
Tras eliminar los genes con valores de expresión anormales (outliers), la ruta metabólica "Phenylalanine, tyrosine and tryptophan biosynthesis" conserva menos de 3 genes. Omitiendo dicha ruta...
La ruta metabólica "D-Glutamine and D-glutamate metabolism" presenta menos de 5 genes en la matriz de TPMs normalizada. Omitiendo dicha ruta...
La ruta metabólica "D-Arginine and D-ornithine metabolism" presenta menos de 5 genes en la matriz de TPMs normalizada. Omitiendo dicha ruta...
La ruta metabólica "Biotin metabolism" presenta menos de 5 genes en la matriz de TPMs normalizada. Omitiendo dicha ruta...
La ruta metabólica "Lipoic acid metabolism" presenta menos de 5 genes en la matriz de TPMs normalizada. Omitiendo dicha ruta...
Tras eliminar los genes con valores de expresión anormales (outliers), la ruta metabólica "Caffeine metabolism" conserva menos de 3 genes. Omitiendo dicha ruta...
Tras eliminar los genes con valores de expresión anormales (outliers), la ruta metabólica "Neomycin, kanamycin and gentamicin biosynthesis" conserva menos de 3 genes. Omitiendo dicha ruta...
null device 
          1 
No id variables; using all as measure variables
Warning messages:
1: Removed 3 rows containing non-finite values (stat_ydensity). 
2: Removed 3 rows containing non-finite values (stat_summary). 
3: Removed 336 rows containing missing values (geom_violin). 
[1] ""
[1] "GRACIAS POR ASISTIR A MI CHARLA TED"
